<?xml version="1.0" encoding="UTF-8"?>
<!-- Generated by org.testng.reporters.JUnitReportReporter -->
<testsuite hostname="DESKTOP-3PERPIQ" failures="0" tests="1" name="com.crossbrowser.One" time="4.308" errors="0" timestamp="2025-01-25T13:28:55 IST" skipped="0">
  <testcase classname="com.crossbrowser.One" name="tstOne" time="4.308"/>
</testsuite> <!-- com.crossbrowser.One -->
